<?xml version="1.0" encoding="UTF-8"?>
<!-- Generated by org.testng.reporters.JUnitReportReporter -->
<testsuite skipped="0" hostname="MABOSSSABHAR-L1" name="test_RestFulAPI_Package.Test3_Restful_Put_Patch_Delete_Test" tests="3" failures="0" timestamp="2021-01-27T17:33:09 EST" time="4.601" errors="0">
  <testcase name="Test2_patch_Update_User" time="0.364" classname="test_RestFulAPI_Package.Test3_Restful_Put_Patch_Delete_Test"/>
  <system-out/>
  <testcase name="Test3_delete_Update_User" time="0.324" classname="test_RestFulAPI_Package.Test3_Restful_Put_Patch_Delete_Test"/>
  <system-out/>
  <testcase name="Test1_put_Update_User" time="3.913" classname="test_RestFulAPI_Package.Test3_Restful_Put_Patch_Delete_Test"/>
  <system-out/>
</testsuite> <!-- test_RestFulAPI_Package.Test3_Restful_Put_Patch_Delete_Test -->
