<?xml version="1.0" encoding="UTF-8"?>
<!-- Generated by org.testng.reporters.JUnitReportReporter -->
<testsuite skipped="0" hostname="MABOSSSABHAR-L1" name="test_RestFulAPI_Package.Test2_RestFul_Get_And_Post_Test" tests="2" failures="0" timestamp="2021-01-27T17:35:08 EST" time="4.555" errors="0">
  <testcase name="get_User_List" time="4.165" classname="test_RestFulAPI_Package.Test2_RestFul_Get_And_Post_Test"/>
  <system-out/>
  <testcase name="post_Create_User" time="0.390" classname="test_RestFulAPI_Package.Test2_RestFul_Get_And_Post_Test"/>
  <system-out/>
</testsuite> <!-- test_RestFulAPI_Package.Test2_RestFul_Get_And_Post_Test -->
