<?xml version="1.0" encoding="UTF-8"?>
<!-- Generated by org.testng.reporters.JUnitReportReporter -->
<testsuite skipped="0" hostname="MABOSSSABHAR-L1" name="test_RestFulAPI_Package.Test1_Restful_API_Test" tests="2" failures="0" timestamp="2021-01-27T16:38:09 EST" time="5.027" errors="0">
  <testcase name="test_Case1" time="3.459" classname="test_RestFulAPI_Package.Test1_Restful_API_Test"/>
  <system-out/>
  <testcase name="test_Case2" time="1.568" classname="test_RestFulAPI_Package.Test1_Restful_API_Test"/>
  <system-out/>
</testsuite> <!-- test_RestFulAPI_Package.Test1_Restful_API_Test -->
